2020-04-18 19:46:33.670  INFO 19812 --- [restartedMain] c.s.albums.PhotoAppApiAlbumsApplication  : No active profile set, falling back to default profiles: default
2020-04-18 19:46:35.498  WARN 19812 --- [restartedMain] o.s.boot.actuate.endpoint.EndpointId     : Endpoint ID 'service-registry' contains invalid characters, please migrate to a valid format.
2020-04-18 19:46:35.997  INFO 19812 --- [restartedMain] o.s.cloud.context.scope.GenericScope     : BeanFactory id=89ab7fb8-937e-3ce1-9610-146928291514
2020-04-18 19:46:39.407  INFO 19812 --- [restartedMain] o.s.b.w.embedded.tomcat.TomcatWebServer  : Tomcat initialized with port(s): 7030 (http)
2020-04-18 19:46:39.498  INFO 19812 --- [restartedMain] o.apache.catalina.core.StandardService   : Starting service [Tomcat]
2020-04-18 19:46:39.503  INFO 19812 --- [restartedMain] org.apache.catalina.core.StandardEngine  : Starting Servlet engine: [Apache Tomcat/9.0.31]
2020-04-18 19:46:39.983  INFO 19812 --- [restartedMain] o.a.c.c.C.[Tomcat].[localhost].[/]       : Initializing Spring embedded WebApplicationContext
2020-04-18 19:46:39.983  INFO 19812 --- [restartedMain] o.s.web.context.ContextLoader            : Root WebApplicationContext: initialization completed in 6285 ms
2020-04-18 19:46:40.246  WARN 19812 --- [restartedMain] c.n.c.sources.URLConfigurationSource     : No URLs will be polled as dynamic configuration sources.
2020-04-18 19:46:40.247  INFO 19812 --- [restartedMain] c.n.c.sources.URLConfigurationSource     : To enable URLs as dynamic configuration sources, define System property archaius.configurationSource.additionalUrls or make config.properties available on classpath.
2020-04-18 19:46:40.283  INFO 19812 --- [restartedMain] c.netflix.config.DynamicPropertyFactory  : DynamicPropertyFactory is initialized with configuration sources: com.netflix.config.ConcurrentCompositeConfiguration@44f8bf74
2020-04-18 19:46:44.494  INFO 19812 --- [restartedMain] o.s.cloud.commons.util.InetUtils         : Cannot determine local hostname
2020-04-18 19:46:45.140  WARN 19812 --- [restartedMain] c.n.c.sources.URLConfigurationSource     : No URLs will be polled as dynamic configuration sources.
2020-04-18 19:46:45.141  INFO 19812 --- [restartedMain] c.n.c.sources.URLConfigurationSource     : To enable URLs as dynamic configuration sources, define System property archaius.configurationSource.additionalUrls or make config.properties available on classpath.
2020-04-18 19:46:45.490  INFO 19812 --- [restartedMain] o.s.s.concurrent.ThreadPoolTaskExecutor  : Initializing ExecutorService 'applicationTaskExecutor'
2020-04-18 19:46:46.274  INFO 19812 --- [restartedMain] o.s.b.d.a.OptionalLiveReloadServer       : LiveReload server is running on port 35729
2020-04-18 19:46:50.152  INFO 19812 --- [restartedMain] o.s.cloud.commons.util.InetUtils         : Cannot determine local hostname
2020-04-18 19:46:50.394  INFO 19812 --- [restartedMain] o.s.b.a.e.web.EndpointLinksResolver      : Exposing 2 endpoint(s) beneath base path '/actuator'
2020-04-18 19:46:50.587  INFO 19812 --- [restartedMain] o.s.c.n.eureka.InstanceInfoFactory       : Setting initial instance status as: STARTING
2020-04-18 19:46:50.690  INFO 19812 --- [restartedMain] com.netflix.discovery.DiscoveryClient    : Initializing Eureka in region us-east-1
2020-04-18 19:46:53.045  INFO 19812 --- [restartedMain] c.n.d.provider.DiscoveryJerseyProvider   : Using JSON encoding codec LegacyJacksonJson
2020-04-18 19:46:53.046  INFO 19812 --- [restartedMain] c.n.d.provider.DiscoveryJerseyProvider   : Using JSON decoding codec LegacyJacksonJson
2020-04-18 19:46:53.375  INFO 19812 --- [restartedMain] c.n.d.provider.DiscoveryJerseyProvider   : Using XML encoding codec XStreamXml
2020-04-18 19:46:53.376  INFO 19812 --- [restartedMain] c.n.d.provider.DiscoveryJerseyProvider   : Using XML decoding codec XStreamXml
2020-04-18 19:46:53.871  INFO 19812 --- [restartedMain] c.n.d.s.r.aws.ConfigClusterResolver      : Resolving eureka endpoints via configuration
2020-04-18 19:46:55.740  INFO 19812 --- [restartedMain] com.netflix.discovery.DiscoveryClient    : Disable delta property : false
2020-04-18 19:46:55.740  INFO 19812 --- [restartedMain] com.netflix.discovery.DiscoveryClient    : Single vip registry refresh property : null
2020-04-18 19:46:55.740  INFO 19812 --- [restartedMain] com.netflix.discovery.DiscoveryClient    : Force full registry fetch : false
2020-04-18 19:46:55.740  INFO 19812 --- [restartedMain] com.netflix.discovery.DiscoveryClient    : Application is null : false
2020-04-18 19:46:55.740  INFO 19812 --- [restartedMain] com.netflix.discovery.DiscoveryClient    : Registered Applications size is zero : true
2020-04-18 19:46:55.741  INFO 19812 --- [restartedMain] com.netflix.discovery.DiscoveryClient    : Application version is -1: true
2020-04-18 19:46:55.741  INFO 19812 --- [restartedMain] com.netflix.discovery.DiscoveryClient    : Getting all instance registry info from the eureka server
2020-04-18 19:46:56.304  INFO 19812 --- [restartedMain] com.netflix.discovery.DiscoveryClient    : The response status is 200
2020-04-18 19:46:56.309  INFO 19812 --- [restartedMain] com.netflix.discovery.DiscoveryClient    : Starting heartbeat executor: renew interval is: 30
2020-04-18 19:46:56.315  INFO 19812 --- [restartedMain] c.n.discovery.InstanceInfoReplicator     : InstanceInfoReplicator onDemand update allowed rate per min is 4
2020-04-18 19:46:56.322  INFO 19812 --- [restartedMain] com.netflix.discovery.DiscoveryClient    : Discovery Client initialized at timestamp 1587219416319 with initial instances count: 0
2020-04-18 19:46:56.324  INFO 19812 --- [restartedMain] o.s.c.n.e.s.EurekaServiceRegistry        : Registering application ALBUMS-MS with eureka with status UP
2020-04-18 19:46:56.325  INFO 19812 --- [restartedMain] com.netflix.discovery.DiscoveryClient    : Saw local status change event StatusChangeEvent [timestamp=1587219416325, current=UP, previous=STARTING]
2020-04-18 19:46:56.329  INFO 19812 --- [DiscoveryClient-InstanceInfoReplicator-0] com.netflix.discovery.DiscoveryClient    : DiscoveryClient_ALBUMS-MS/localhost:albums-ms:7030: registering service...
2020-04-18 19:46:56.456  INFO 19812 --- [restartedMain] o.s.b.w.embedded.tomcat.TomcatWebServer  : Tomcat started on port(s): 7030 (http) with context path ''
2020-04-18 19:46:56.458  INFO 19812 --- [restartedMain] .s.c.n.e.s.EurekaAutoServiceRegistration : Updating port to 7030
2020-04-18 19:46:56.628  INFO 19812 --- [DiscoveryClient-InstanceInfoReplicator-0] com.netflix.discovery.DiscoveryClient    : DiscoveryClient_ALBUMS-MS/localhost:albums-ms:7030 - registration status: 204
2020-04-18 19:47:00.336  INFO 19812 --- [restartedMain] o.s.cloud.commons.util.InetUtils         : Cannot determine local hostname
2020-04-18 19:47:00.342  INFO 19812 --- [restartedMain] c.s.albums.PhotoAppApiAlbumsApplication  : Started PhotoAppApiAlbumsApplication in 35.096 seconds (JVM running for 36.064)
2020-04-18 19:47:26.311  INFO 19812 --- [DiscoveryClient-CacheRefreshExecutor-0] com.netflix.discovery.DiscoveryClient    : Disable delta property : false
2020-04-18 19:47:26.312  INFO 19812 --- [DiscoveryClient-CacheRefreshExecutor-0] com.netflix.discovery.DiscoveryClient    : Single vip registry refresh property : null
2020-04-18 19:47:26.312  INFO 19812 --- [DiscoveryClient-CacheRefreshExecutor-0] com.netflix.discovery.DiscoveryClient    : Force full registry fetch : false
2020-04-18 19:47:26.313  INFO 19812 --- [DiscoveryClient-CacheRefreshExecutor-0] com.netflix.discovery.DiscoveryClient    : Application is null : false
2020-04-18 19:47:26.313  INFO 19812 --- [DiscoveryClient-CacheRefreshExecutor-0] com.netflix.discovery.DiscoveryClient    : Registered Applications size is zero : true
2020-04-18 19:47:26.313  INFO 19812 --- [DiscoveryClient-CacheRefreshExecutor-0] com.netflix.discovery.DiscoveryClient    : Application version is -1: false
2020-04-18 19:47:26.314  INFO 19812 --- [DiscoveryClient-CacheRefreshExecutor-0] com.netflix.discovery.DiscoveryClient    : Getting all instance registry info from the eureka server
2020-04-18 19:47:26.465  INFO 19812 --- [DiscoveryClient-CacheRefreshExecutor-0] com.netflix.discovery.DiscoveryClient    : The response status is 200
